[2021-06-25 17:13:49,710] [autoreload.py:617] [autoreload:run_with_reloader] [INFO]- Watching for file changes with StatReloader
[2021-06-25 17:14:02,175] [autoreload.py:617] [autoreload:run_with_reloader] [INFO]- Watching for file changes with StatReloader
[2021-06-25 17:14:04,910] [basehttp.py:157] [basehttp:log_message] [INFO]- "GET / HTTP/1.1" 200 1898
[2021-06-25 17:14:04,951] [basehttp.py:157] [basehttp:log_message] [INFO]- "GET /static/css/bootstrap-theme.css HTTP/1.1" 200 26132
[2021-06-25 17:14:04,953] [basehttp.py:157] [basehttp:log_message] [INFO]- "GET /static/css/bootstrap.css HTTP/1.1" 200 146010
[2021-06-25 17:14:04,965] [basehttp.py:157] [basehttp:log_message] [INFO]- "GET /static/js/bootstrap.js HTTP/1.1" 200 69707
[2021-06-25 17:14:09,738] [views.py:42] [views:login] [INFO]- 请求登录页面
[2021-06-25 17:14:09,741] [basehttp.py:157] [basehttp:log_message] [INFO]- "GET /login/ HTTP/1.1" 200 1350
[2021-06-25 17:14:12,957] [basehttp.py:157] [basehttp:log_message] [INFO]- "GET /static/js/jquery.min.map HTTP/1.1" 200 140036
[2021-06-25 17:14:20,783] [basehttp.py:157] [basehttp:log_message] [INFO]- "POST /login/ HTTP/1.1" 200 1447
[2021-06-25 17:14:20,848] [basehttp.py:157] [basehttp:log_message] [INFO]- "GET /static/css/style.css HTTP/1.1" 200 2553
[2021-06-25 17:14:20,862] [basehttp.py:157] [basehttp:log_message] [INFO]- "GET /static/css/hat.svg HTTP/1.1" 200 1630
[2021-06-25 17:14:20,866] [basehttp.py:157] [basehttp:log_message] [INFO]- "GET /static/js/index.js HTTP/1.1" 200 106
[2021-06-25 17:14:20,868] [basehttp.py:157] [basehttp:log_message] [INFO]- "GET /static/js/jquery.min.js HTTP/1.1" 200 84355
[2021-06-25 17:14:21,094] [basehttp.py:157] [basehttp:log_message] [INFO]- "GET /static/js/jquery.min.map HTTP/1.1" 200 140036
[2021-06-25 17:14:35,205] [views.py:42] [views:login] [INFO]- 请求登录页面
[2021-06-25 17:14:35,207] [basehttp.py:157] [basehttp:log_message] [INFO]- "GET /login/ HTTP/1.1" 200 1350
[2021-06-25 17:14:35,253] [basehttp.py:157] [basehttp:log_message] [INFO]- "GET /static/css/style.css HTTP/1.1" 200 2553
[2021-06-25 17:14:35,271] [basehttp.py:157] [basehttp:log_message] [INFO]- "GET /static/css/hat.svg HTTP/1.1" 200 1630
[2021-06-25 17:14:35,274] [basehttp.py:157] [basehttp:log_message] [INFO]- "GET /static/js/index.js HTTP/1.1" 200 106
[2021-06-25 17:14:35,275] [basehttp.py:157] [basehttp:log_message] [INFO]- "GET /static/js/jquery.min.js HTTP/1.1" 200 84355
[2021-06-25 17:14:35,487] [basehttp.py:157] [basehttp:log_message] [INFO]- "GET /static/js/jquery.min.map HTTP/1.1" 200 140036
[2021-06-25 17:14:37,165] [basehttp.py:157] [basehttp:log_message] [INFO]- "GET / HTTP/1.1" 200 1898
[2021-06-25 17:14:37,214] [basehttp.py:157] [basehttp:log_message] [INFO]- "GET /static/css/bootstrap-theme.css HTTP/1.1" 200 26132
[2021-06-25 17:14:37,215] [basehttp.py:157] [basehttp:log_message] [INFO]- "GET /static/css/bootstrap.css HTTP/1.1" 200 146010
[2021-06-25 17:14:37,262] [basehttp.py:157] [basehttp:log_message] [INFO]- "GET /static/js/bootstrap.js HTTP/1.1" 200 69707
[2021-06-25 17:14:37,307] [basehttp.py:157] [basehttp:log_message] [INFO]- "GET /static/css/bootstrap-theme.css.map HTTP/1.1" 200 47706
[2021-06-25 17:14:37,310] [basehttp.py:157] [basehttp:log_message] [INFO]- "GET /static/css/bootstrap.css.map HTTP/1.1" 200 389287
[2021-06-25 17:14:39,405] [basehttp.py:157] [basehttp:log_message] [INFO]- "GET /register/ HTTP/1.1" 200 1421
[2021-06-25 17:14:39,457] [basehttp.py:157] [basehttp:log_message] [INFO]- "GET /static/css/style.css HTTP/1.1" 200 2553
[2021-06-25 17:14:39,472] [basehttp.py:157] [basehttp:log_message] [INFO]- "GET /static/css/hat.svg HTTP/1.1" 200 1630
[2021-06-25 17:14:39,483] [basehttp.py:157] [basehttp:log_message] [INFO]- "GET /static/js/index.js HTTP/1.1" 200 106
[2021-06-25 17:14:39,484] [basehttp.py:157] [basehttp:log_message] [INFO]- "GET /static/js/jquery.min.js HTTP/1.1" 200 84355
[2021-06-25 17:14:39,697] [basehttp.py:157] [basehttp:log_message] [INFO]- "GET /static/js/jquery.min.map HTTP/1.1" 200 140036
[2021-06-25 17:14:56,647] [basehttp.py:157] [basehttp:log_message] [INFO]- "POST /register/ HTTP/1.1" 302 0
[2021-06-25 17:14:56,653] [views.py:42] [views:login] [INFO]- 请求登录页面
[2021-06-25 17:14:56,655] [basehttp.py:157] [basehttp:log_message] [INFO]- "GET /login/ HTTP/1.1" 200 1350
[2021-06-25 17:14:56,704] [basehttp.py:157] [basehttp:log_message] [INFO]- "GET /static/css/style.css HTTP/1.1" 200 2553
[2021-06-25 17:14:56,719] [basehttp.py:157] [basehttp:log_message] [INFO]- "GET /static/css/hat.svg HTTP/1.1" 200 1630
[2021-06-25 17:14:56,738] [basehttp.py:157] [basehttp:log_message] [INFO]- "GET /static/js/index.js HTTP/1.1" 200 106
[2021-06-25 17:14:56,739] [basehttp.py:157] [basehttp:log_message] [INFO]- "GET /static/js/jquery.min.js HTTP/1.1" 200 84355
[2021-06-25 17:14:57,108] [basehttp.py:157] [basehttp:log_message] [INFO]- "GET /static/js/jquery.min.map HTTP/1.1" 200 140036
[2021-06-25 17:15:09,902] [basehttp.py:157] [basehttp:log_message] [INFO]- "POST /login/ HTTP/1.1" 302 0
[2021-06-25 17:15:09,913] [basehttp.py:157] [basehttp:log_message] [INFO]- "GET /index/ HTTP/1.1" 200 1991
[2021-06-25 17:15:09,966] [basehttp.py:157] [basehttp:log_message] [INFO]- "GET /static/css/bootstrap-theme.css HTTP/1.1" 200 26132
[2021-06-25 17:15:09,967] [basehttp.py:157] [basehttp:log_message] [INFO]- "GET /static/css/bootstrap.css HTTP/1.1" 200 146010
[2021-06-25 17:15:09,980] [basehttp.py:157] [basehttp:log_message] [INFO]- "GET /static/js/bootstrap.js HTTP/1.1" 200 69707
[2021-06-25 17:15:10,055] [basehttp.py:157] [basehttp:log_message] [INFO]- "GET /static/css/bootstrap-theme.css.map HTTP/1.1" 200 47706
[2021-06-25 17:15:10,060] [basehttp.py:157] [basehttp:log_message] [INFO]- "GET /static/css/bootstrap.css.map HTTP/1.1" 200 389287
[2021-06-25 17:17:36,527] [basehttp.py:157] [basehttp:log_message] [INFO]- "GET /logout/ HTTP/1.1" 302 0
[2021-06-25 17:17:36,534] [basehttp.py:157] [basehttp:log_message] [INFO]- "GET /index/ HTTP/1.1" 200 1898
[2021-06-25 17:17:36,583] [basehttp.py:157] [basehttp:log_message] [INFO]- "GET /static/css/bootstrap-theme.css HTTP/1.1" 200 26132
[2021-06-25 17:17:36,584] [basehttp.py:157] [basehttp:log_message] [INFO]- "GET /static/css/bootstrap.css HTTP/1.1" 200 146010
[2021-06-25 17:17:36,609] [basehttp.py:157] [basehttp:log_message] [INFO]- "GET /static/js/bootstrap.js HTTP/1.1" 200 69707
[2021-06-25 17:17:36,656] [basehttp.py:157] [basehttp:log_message] [INFO]- "GET /static/css/bootstrap-theme.css.map HTTP/1.1" 200 47706
[2021-06-25 17:17:36,658] [basehttp.py:157] [basehttp:log_message] [INFO]- "GET /static/css/bootstrap.css.map HTTP/1.1" 200 389287
[2021-06-25 17:17:37,911] [views.py:42] [views:login] [INFO]- 请求登录页面
[2021-06-25 17:17:37,913] [basehttp.py:157] [basehttp:log_message] [INFO]- "GET /login/ HTTP/1.1" 200 1350
[2021-06-25 17:17:37,963] [basehttp.py:157] [basehttp:log_message] [INFO]- "GET /static/css/style.css HTTP/1.1" 200 2553
[2021-06-25 17:17:37,979] [basehttp.py:157] [basehttp:log_message] [INFO]- "GET /static/css/hat.svg HTTP/1.1" 200 1630
[2021-06-25 17:17:38,001] [basehttp.py:157] [basehttp:log_message] [INFO]- "GET /static/js/index.js HTTP/1.1" 200 106
[2021-06-25 17:17:38,002] [basehttp.py:157] [basehttp:log_message] [INFO]- "GET /static/js/jquery.min.js HTTP/1.1" 200 84355
[2021-06-25 17:17:38,201] [basehttp.py:157] [basehttp:log_message] [INFO]- "GET /static/js/jquery.min.map HTTP/1.1" 200 140036
[2021-06-25 17:17:44,748] [basehttp.py:157] [basehttp:log_message] [INFO]- "POST /login/ HTTP/1.1" 200 1447
[2021-06-25 17:17:44,796] [basehttp.py:157] [basehttp:log_message] [INFO]- "GET /static/css/style.css HTTP/1.1" 200 2553
[2021-06-25 17:17:44,812] [basehttp.py:157] [basehttp:log_message] [INFO]- "GET /static/css/hat.svg HTTP/1.1" 200 1630
[2021-06-25 17:17:44,849] [basehttp.py:157] [basehttp:log_message] [INFO]- "GET /static/js/index.js HTTP/1.1" 200 106
[2021-06-25 17:17:44,850] [basehttp.py:157] [basehttp:log_message] [INFO]- "GET /static/js/jquery.min.js HTTP/1.1" 200 84355
[2021-06-25 17:17:45,045] [basehttp.py:157] [basehttp:log_message] [INFO]- "GET /static/js/jquery.min.map HTTP/1.1" 200 140036
[2021-06-25 17:17:50,564] [basehttp.py:157] [basehttp:log_message] [INFO]- "POST /login/ HTTP/1.1" 200 1447
[2021-06-25 17:17:50,610] [basehttp.py:157] [basehttp:log_message] [INFO]- "GET /static/css/style.css HTTP/1.1" 200 2553
[2021-06-25 17:17:50,626] [basehttp.py:157] [basehttp:log_message] [INFO]- "GET /static/css/hat.svg HTTP/1.1" 200 1630
[2021-06-25 17:17:50,630] [basehttp.py:157] [basehttp:log_message] [INFO]- "GET /static/js/index.js HTTP/1.1" 200 106
[2021-06-25 17:17:50,631] [basehttp.py:157] [basehttp:log_message] [INFO]- "GET /static/js/jquery.min.js HTTP/1.1" 200 84355
[2021-06-25 17:17:50,862] [basehttp.py:157] [basehttp:log_message] [INFO]- "GET /static/js/jquery.min.map HTTP/1.1" 200 140036
[2021-06-25 17:18:34,992] [autoreload.py:617] [autoreload:run_with_reloader] [INFO]- Watching for file changes with StatReloader
[2021-06-25 17:19:28,519] [autoreload.py:617] [autoreload:run_with_reloader] [INFO]- Watching for file changes with StatReloader
[2021-06-25 17:19:34,637] [basehttp.py:157] [basehttp:log_message] [INFO]- "POST /login/ HTTP/1.1" 200 1447
[2021-06-25 17:19:34,701] [basehttp.py:157] [basehttp:log_message] [INFO]- "GET /static/css/style.css HTTP/1.1" 200 2553
[2021-06-25 17:19:34,714] [basehttp.py:157] [basehttp:log_message] [INFO]- "GET /static/css/hat.svg HTTP/1.1" 200 1630
[2021-06-25 17:19:34,759] [basehttp.py:157] [basehttp:log_message] [INFO]- "GET /static/js/index.js HTTP/1.1" 200 106
[2021-06-25 17:19:34,760] [basehttp.py:157] [basehttp:log_message] [INFO]- "GET /static/js/jquery.min.js HTTP/1.1" 200 84355
[2021-06-25 17:19:35,752] [basehttp.py:157] [basehttp:log_message] [INFO]- "GET /static/js/jquery.min.map HTTP/1.1" 200 140036
[2021-06-25 17:19:44,587] [basehttp.py:157] [basehttp:log_message] [INFO]- "POST /login/ HTTP/1.1" 200 1447
[2021-06-25 17:19:44,635] [basehttp.py:157] [basehttp:log_message] [INFO]- "GET /static/css/style.css HTTP/1.1" 200 2553
[2021-06-25 17:19:44,649] [basehttp.py:157] [basehttp:log_message] [INFO]- "GET /static/css/hat.svg HTTP/1.1" 200 1630
[2021-06-25 17:19:44,666] [basehttp.py:157] [basehttp:log_message] [INFO]- "GET /static/js/index.js HTTP/1.1" 200 106
[2021-06-25 17:19:44,668] [basehttp.py:157] [basehttp:log_message] [INFO]- "GET /static/js/jquery.min.js HTTP/1.1" 200 84355
[2021-06-25 17:20:55,847] [autoreload.py:617] [autoreload:run_with_reloader] [INFO]- Watching for file changes with StatReloader
[2021-06-25 17:20:57,500] [basehttp.py:157] [basehttp:log_message] [INFO]- "POST /login/ HTTP/1.1" 200 1447
[2021-06-25 17:20:57,576] [basehttp.py:157] [basehttp:log_message] [INFO]- "GET /static/css/style.css HTTP/1.1" 200 2553
[2021-06-25 17:20:57,598] [basehttp.py:157] [basehttp:log_message] [INFO]- "GET /static/css/hat.svg HTTP/1.1" 200 1630
[2021-06-25 17:20:57,661] [basehttp.py:157] [basehttp:log_message] [INFO]- "GET /static/js/index.js HTTP/1.1" 200 106
[2021-06-25 17:20:57,662] [basehttp.py:157] [basehttp:log_message] [INFO]- "GET /static/js/jquery.min.js HTTP/1.1" 200 84355
[2021-06-25 17:20:59,589] [basehttp.py:157] [basehttp:log_message] [INFO]- "GET /static/js/jquery.min.map HTTP/1.1" 200 140036
[2021-06-25 17:21:11,161] [basehttp.py:157] [basehttp:log_message] [INFO]- "POST /login/ HTTP/1.1" 200 1447
[2021-06-25 17:21:11,207] [basehttp.py:157] [basehttp:log_message] [INFO]- "GET /static/css/style.css HTTP/1.1" 200 2553
[2021-06-25 17:21:11,224] [basehttp.py:157] [basehttp:log_message] [INFO]- "GET /static/css/hat.svg HTTP/1.1" 200 1630
[2021-06-25 17:21:11,239] [basehttp.py:157] [basehttp:log_message] [INFO]- "GET /static/js/index.js HTTP/1.1" 200 106
[2021-06-25 17:21:11,240] [basehttp.py:157] [basehttp:log_message] [INFO]- "GET /static/js/jquery.min.js HTTP/1.1" 200 84355
[2021-06-25 17:21:12,017] [basehttp.py:157] [basehttp:log_message] [INFO]- "GET /static/js/jquery.min.map HTTP/1.1" 200 140036
[2021-06-25 17:21:57,311] [basehttp.py:157] [basehttp:log_message] [INFO]- "POST /login/ HTTP/1.1" 200 1447
[2021-06-25 17:21:57,357] [basehttp.py:157] [basehttp:log_message] [INFO]- "GET /static/css/style.css HTTP/1.1" 200 2553
[2021-06-25 17:21:57,373] [basehttp.py:157] [basehttp:log_message] [INFO]- "GET /static/css/hat.svg HTTP/1.1" 200 1630
[2021-06-25 17:21:57,386] [basehttp.py:157] [basehttp:log_message] [INFO]- "GET /static/js/index.js HTTP/1.1" 200 106
[2021-06-25 17:21:57,387] [basehttp.py:157] [basehttp:log_message] [INFO]- "GET /static/js/jquery.min.js HTTP/1.1" 200 84355
[2021-06-25 17:21:57,702] [basehttp.py:157] [basehttp:log_message] [INFO]- "GET /static/js/jquery.min.map HTTP/1.1" 200 140036
[2021-06-25 17:22:02,056] [basehttp.py:157] [basehttp:log_message] [INFO]- "GET /register/ HTTP/1.1" 200 1421
[2021-06-25 17:22:02,127] [basehttp.py:157] [basehttp:log_message] [INFO]- "GET /static/css/style.css HTTP/1.1" 200 2553
[2021-06-25 17:22:02,142] [basehttp.py:157] [basehttp:log_message] [INFO]- "GET /static/css/hat.svg HTTP/1.1" 200 1630
[2021-06-25 17:22:02,168] [basehttp.py:157] [basehttp:log_message] [INFO]- "GET /static/js/index.js HTTP/1.1" 200 106
[2021-06-25 17:22:02,170] [basehttp.py:157] [basehttp:log_message] [INFO]- "GET /static/js/jquery.min.js HTTP/1.1" 200 84355
[2021-06-25 17:22:02,716] [basehttp.py:157] [basehttp:log_message] [INFO]- "GET /static/js/jquery.min.map HTTP/1.1" 200 140036
[2021-06-25 17:22:18,935] [basehttp.py:157] [basehttp:log_message] [INFO]- "POST /register/ HTTP/1.1" 302 0
[2021-06-25 17:22:18,941] [views.py:42] [views:login] [INFO]- 请求登录页面
[2021-06-25 17:22:18,943] [basehttp.py:157] [basehttp:log_message] [INFO]- "GET /login/ HTTP/1.1" 200 1350
[2021-06-25 17:22:18,991] [basehttp.py:157] [basehttp:log_message] [INFO]- "GET /static/css/style.css HTTP/1.1" 200 2553
[2021-06-25 17:22:19,009] [basehttp.py:157] [basehttp:log_message] [INFO]- "GET /static/css/hat.svg HTTP/1.1" 200 1630
[2021-06-25 17:22:19,041] [basehttp.py:157] [basehttp:log_message] [INFO]- "GET /static/js/index.js HTTP/1.1" 200 106
[2021-06-25 17:22:19,042] [basehttp.py:157] [basehttp:log_message] [INFO]- "GET /static/js/jquery.min.js HTTP/1.1" 200 84355
[2021-06-25 17:22:19,393] [basehttp.py:157] [basehttp:log_message] [INFO]- "GET /static/js/jquery.min.map HTTP/1.1" 200 140036
[2021-06-25 17:22:58,377] [basehttp.py:157] [basehttp:log_message] [INFO]- "POST /login/ HTTP/1.1" 302 0
[2021-06-25 17:22:58,388] [basehttp.py:157] [basehttp:log_message] [INFO]- "GET /index/ HTTP/1.1" 200 1986
[2021-06-25 17:22:58,437] [basehttp.py:157] [basehttp:log_message] [INFO]- "GET /static/css/bootstrap-theme.css HTTP/1.1" 200 26132
[2021-06-25 17:22:58,439] [basehttp.py:157] [basehttp:log_message] [INFO]- "GET /static/css/bootstrap.css HTTP/1.1" 200 146010
[2021-06-25 17:22:58,448] [basehttp.py:157] [basehttp:log_message] [INFO]- "GET /static/js/bootstrap.js HTTP/1.1" 200 69707
[2021-06-25 17:22:58,506] [basehttp.py:157] [basehttp:log_message] [INFO]- "GET /static/css/bootstrap-theme.css.map HTTP/1.1" 200 47706
[2021-06-25 17:22:58,509] [basehttp.py:157] [basehttp:log_message] [INFO]- "GET /static/css/bootstrap.css.map HTTP/1.1" 200 389287
